Determining if the Q_WS_WIN exist failed with the following output:
Change Dir: /home/will/svo_workspace/g2o/build/CMakeFiles/CMakeTmp

Run Build Command:/usr/bin/make "cmTryCompileExec/fast"
/usr/bin/make -f CMakeFiles/cmTryCompileExec.dir/build.make CMakeFiles/cmTryCompileExec.dir/build
make[1]: 正在进入目录 `/home/will/svo_workspace/g2o/build/CMakeFiles/CMakeTmp'
/usr/bin/cmake -E cmake_progress_report /home/will/svo_workspace/g2o/build/CMakeFiles/CMakeTmp/CMakeFiles 1
Building CXX object CMakeFiles/cmTryCompileExec.dir/CheckSymbolExists.cxx.o
/usr/bin/c++    -I/usr/include/qt4    -o CMakeFiles/cmTryCompileExec.dir/CheckSymbolExists.cxx.o -c /home/will/svo_workspace/g2o/build/CMakeFiles/CMakeTmp/CheckSymbolExists.cxx
/home/will/svo_workspace/g2o/build/CMakeFiles/CMakeTmp/CheckSymbolExists.cxx: 在函数‘int main()’中:
/home/will/svo_workspace/g2o/build/CMakeFiles/CMakeTmp/CheckSymbolExists.cxx:8:25: 错误： ‘Q_WS_WIN’在此作用域中尚未声明
make[1]: *** [CMakeFiles/cmTryCompileExec.dir/CheckSymbolExists.cxx.o] 错误 1
make[1]:正在离开目录 `/home/will/svo_workspace/g2o/build/CMakeFiles/CMakeTmp'
make: *** [cmTryCompileExec/fast] 错误 2

File /home/will/svo_workspace/g2o/build/CMakeFiles/CMakeTmp/CheckSymbolExists.cxx:
/* */
#include <QtCore/qglobal.h>

void cmakeRequireSymbol(int dummy,...){(void)dummy;}
int main()
{
#ifndef Q_WS_WIN
  cmakeRequireSymbol(0,&Q_WS_WIN);
#endif
  return 0;
}

Determining if the Q_WS_QWS exist failed with the following output:
Change Dir: /home/will/svo_workspace/g2o/build/CMakeFiles/CMakeTmp

Run Build Command:/usr/bin/make "cmTryCompileExec/fast"
/usr/bin/make -f CMakeFiles/cmTryCompileExec.dir/build.make CMakeFiles/cmTryCompileExec.dir/build
make[1]: 正在进入目录 `/home/will/svo_workspace/g2o/build/CMakeFiles/CMakeTmp'
/usr/bin/cmake -E cmake_progress_report /home/will/svo_workspace/g2o/build/CMakeFiles/CMakeTmp/CMakeFiles 1
Building CXX object CMakeFiles/cmTryCompileExec.dir/CheckSymbolExists.cxx.o
/usr/bin/c++    -I/usr/include/qt4    -o CMakeFiles/cmTryCompileExec.dir/CheckSymbolExists.cxx.o -c /home/will/svo_workspace/g2o/build/CMakeFiles/CMakeTmp/CheckSymbolExists.cxx
/home/will/svo_workspace/g2o/build/CMakeFiles/CMakeTmp/CheckSymbolExists.cxx: 在函数‘int main()’中:
/home/will/svo_workspace/g2o/build/CMakeFiles/CMakeTmp/CheckSymbolExists.cxx:8:25: 错误： ‘Q_WS_QWS’在此作用域中尚未声明
make[1]: *** [CMakeFiles/cmTryCompileExec.dir/CheckSymbolExists.cxx.o] 错误 1
make[1]:正在离开目录 `/home/will/svo_workspace/g2o/build/CMakeFiles/CMakeTmp'
make: *** [cmTryCompileExec/fast] 错误 2

File /home/will/svo_workspace/g2o/build/CMakeFiles/CMakeTmp/CheckSymbolExists.cxx:
/* */
#include <QtCore/qglobal.h>

void cmakeRequireSymbol(int dummy,...){(void)dummy;}
int main()
{
#ifndef Q_WS_QWS
  cmakeRequireSymbol(0,&Q_WS_QWS);
#endif
  return 0;
}

Determining if the Q_WS_MAC exist failed with the following output:
Change Dir: /home/will/svo_workspace/g2o/build/CMakeFiles/CMakeTmp

Run Build Command:/usr/bin/make "cmTryCompileExec/fast"
/usr/bin/make -f CMakeFiles/cmTryCompileExec.dir/build.make CMakeFiles/cmTryCompileExec.dir/build
make[1]: 正在进入目录 `/home/will/svo_workspace/g2o/build/CMakeFiles/CMakeTmp'
/usr/bin/cmake -E cmake_progress_report /home/will/svo_workspace/g2o/build/CMakeFiles/CMakeTmp/CMakeFiles 1
Building CXX object CMakeFiles/cmTryCompileExec.dir/CheckSymbolExists.cxx.o
/usr/bin/c++    -I/usr/include/qt4    -o CMakeFiles/cmTryCompileExec.dir/CheckSymbolExists.cxx.o -c /home/will/svo_workspace/g2o/build/CMakeFiles/CMakeTmp/CheckSymbolExists.cxx
/home/will/svo_workspace/g2o/build/CMakeFiles/CMakeTmp/CheckSymbolExists.cxx: 在函数‘int main()’中:
/home/will/svo_workspace/g2o/build/CMakeFiles/CMakeTmp/CheckSymbolExists.cxx:8:25: 错误： ‘Q_WS_MAC’在此作用域中尚未声明
make[1]: *** [CMakeFiles/cmTryCompileExec.dir/CheckSymbolExists.cxx.o] 错误 1
make[1]:正在离开目录 `/home/will/svo_workspace/g2o/build/CMakeFiles/CMakeTmp'
make: *** [cmTryCompileExec/fast] 错误 2

File /home/will/svo_workspace/g2o/build/CMakeFiles/CMakeTmp/CheckSymbolExists.cxx:
/* */
#include <QtCore/qglobal.h>

void cmakeRequireSymbol(int dummy,...){(void)dummy;}
int main()
{
#ifndef Q_WS_MAC
  cmakeRequireSymbol(0,&Q_WS_MAC);
#endif
  return 0;
}

Performing C++ SOURCE FILE Test COMPILER_SUPPORTS_CXX11 failed with the following output:
Change Dir: /home/will/svo_workspace/g2o/build/CMakeFiles/CMakeTmp

Run Build Command:/usr/bin/make "cmTryCompileExec/fast"
/usr/bin/make -f CMakeFiles/cmTryCompileExec.dir/build.make CMakeFiles/cmTryCompileExec.dir/build
make[1]: 正在进入目录 `/home/will/svo_workspace/g2o/build/CMakeFiles/CMakeTmp'
/usr/bin/cmake -E cmake_progress_report /home/will/svo_workspace/g2o/build/CMakeFiles/CMakeTmp/CMakeFiles 1
Building CXX object CMakeFiles/cmTryCompileExec.dir/src.cxx.o
/usr/bin/c++    -DCOMPILER_SUPPORTS_CXX11   -std=c++11 -o CMakeFiles/cmTryCompileExec.dir/src.cxx.o -c /home/will/svo_workspace/g2o/build/CMakeFiles/CMakeTmp/src.cxx
cc1plus: 错误： unrecognized command line option ‘-std=c++11’
make[1]: *** [CMakeFiles/cmTryCompileExec.dir/src.cxx.o] 错误 1
make[1]:正在离开目录 `/home/will/svo_workspace/g2o/build/CMakeFiles/CMakeTmp'
make: *** [cmTryCompileExec/fast] 错误 2

Source file was:
int main() { return 0;}
